
   INFO  Server running on [http://0.0.0.0:8000].  

  Press Ctrl+C to stop the server

  2026-04-03 00:41:13 /b2b/login ............................................................................... ~ 3s
  2026-04-03 00:41:45 /login ................................................................................... ~ 1s
  2026-04-03 00:41:46 /admin ............................................................................. ~ 513.06ms
  2026-04-03 00:41:47 /css/app.css ......................................................................... ~ 1.54ms
  2026-04-03 00:41:47 /images/logo-sidebar.png ............................................................ ~ 34.25ms
  2026-04-03 00:41:47 /js/pwa.js .......................................................................... ~ 53.41ms
  2026-04-03 00:41:47 /favicon.ico ......................................................................... ~ 0.34ms
  2026-04-04 15:53:09 /logout ................................................................................. ~ 13s
  2026-04-04 15:53:23 /logout .................................................................................. ~ 6s
  2026-04-04 15:53:29 /favicon.ico ......................................................................... ~ 0.32ms
  2026-04-04 15:53:32 / .................................................................................. ~ 506.00ms
  2026-04-04 15:53:33 /login ............................................................................. ~ 513.39ms
  2026-04-04 15:53:33 /css/app.css ......................................................................... ~ 0.37ms
  2026-04-04 15:53:33 /images/logo-auth.png ............................................................... ~ 27.66ms
  2026-04-04 15:53:33 /js/pwa.js .......................................................................... ~ 48.12ms
  2026-04-04 15:53:33 /manifest.json ...................................................................... ~ 75.94ms
  2026-04-04 15:53:35 /admin/login ............................................................................. ~ 1s
  2026-04-04 15:53:36 /css/app.css ......................................................................... ~ 0.34ms
  2026-04-04 15:53:36 /js/pwa.js .......................................................................... ~ 26.82ms
  2026-04-04 15:53:36 /manifest.json ....................................................................... ~ 0.34ms
  2026-04-04 15:53:40 /admin/login ............................................................................. ~ 2s
  2026-04-04 15:53:42 /admin/login ....................................................................... ~ 512.55ms
  2026-04-04 15:53:42 /admin/login ............................................................................. ~ 4s
  2026-04-04 15:53:46 /favicon.ico ......................................................................... ~ 0.34ms
  2026-04-04 15:53:53 / .................................................................................... ~ 0.38ms
  2026-04-04 15:53:53 /login ............................................................................... ~ 0.31ms
  2026-04-04 15:53:53 /css/app.css ......................................................................... ~ 0.37ms
  2026-04-04 15:53:53 /images/logo-auth.png ................................................................ ~ 0.29ms
  2026-04-04 15:53:53 /js/pwa.js .......................................................................... ~ 21.94ms
  2026-04-04 15:53:53 /manifest.json ...................................................................... ~ 49.04ms
  2026-04-04 15:53:55 /admin/login ....................................................................... ~ 517.91ms
  2026-04-04 15:53:55 /css/app.css ....................................................................... ~ 555.40ms
  2026-04-04 15:53:55 /js/pwa.js ........................................................................... ~ 0.32ms
  2026-04-04 15:53:55 /manifest.json ...................................................................... ~ 28.50ms
  2026-04-04 15:54:01 /admin/login ....................................................................... ~ 503.49ms
  2026-04-04 15:54:02 /admin ................................................................................... ~ 1s
  2026-04-04 15:54:03 /css/app.css ......................................................................... ~ 0.34ms
  2026-04-04 15:54:03 /images/logo-sidebar.png ............................................................ ~ 29.99ms
  2026-04-04 15:54:03 /js/pwa.js .......................................................................... ~ 50.38ms
  2026-04-04 15:54:09 /internal/billing ........................................................................ ~ 1s
  2026-04-04 15:54:09 /css/app.css ............................................................................. ~ 1s
  2026-04-04 15:54:10 /images/logo-sidebar.png ............................................................ ~ 30.29ms
  2026-04-04 15:54:10 /js/pwa.js .......................................................................... ~ 50.93ms
  2026-04-04 15:54:10 /manifest.json ...................................................................... ~ 78.70ms
  2026-04-04 15:54:15 /internal/integrations ................................................................... ~ 1s
  2026-04-04 15:54:16 /css/app.css ......................................................................... ~ 0.33ms
  2026-04-04 15:54:16 /images/logo-sidebar.png ............................................................ ~ 27.35ms
  2026-04-04 15:54:16 /js/pwa.js .......................................................................... ~ 46.59ms
  2026-04-04 15:54:16 /manifest.json ....................................................................... ~ 0.33ms
  2026-04-04 15:54:37 /internal/feature-flags .................................................................. ~ 1s
  2026-04-04 15:54:38 /css/app.css ......................................................................... ~ 0.32ms
  2026-04-04 15:54:38 /images/logo-sidebar.png ............................................................. ~ 0.28ms
  2026-04-04 15:54:38 /js/pwa.js .......................................................................... ~ 18.97ms
  2026-04-04 15:54:38 /manifest.json ...................................................................... ~ 45.53ms
  2026-04-04 15:55:11 /internal/api-keys ....................................................................... ~ 1s
  2026-04-04 15:55:12 /css/app.css ......................................................................... ~ 0.30ms
  2026-04-04 15:55:12 /images/logo-sidebar.png ............................................................ ~ 28.03ms
  2026-04-04 15:55:12 /js/pwa.js .......................................................................... ~ 46.79ms
  2026-04-04 15:55:12 /manifest.json ...................................................................... ~ 74.08ms
  2026-04-04 15:55:14 /internal/webhooks ....................................................................... ~ 1s
  2026-04-04 15:55:15 /css/app.css ......................................................................... ~ 0.33ms
  2026-04-04 15:55:15 /images/logo-sidebar.png ............................................................. ~ 0.34ms
  2026-04-04 15:55:15 /js/pwa.js .......................................................................... ~ 21.15ms
  2026-04-04 15:55:15 /manifest.json ...................................................................... ~ 48.31ms
  2026-04-04 15:55:20 /internal/shipments ...................................................................... ~ 1s
  2026-04-04 15:55:22 /css/app.css ......................................................................... ~ 0.33ms
  2026-04-04 15:55:22 /images/logo-sidebar.png ............................................................ ~ 28.29ms
  2026-04-04 15:55:22 /js/pwa.js .......................................................................... ~ 47.59ms
  2026-04-04 15:55:22 /manifest.json ....................................................................... ~ 0.39ms
  2026-04-04 15:55:36 /internal/tickets ........................................................................ ~ 1s
  2026-04-04 15:55:37 /css/app.css ......................................................................... ~ 0.34ms
  2026-04-04 15:55:37 /images/logo-sidebar.png ............................................................. ~ 0.47ms
  2026-04-04 15:55:37 /js/pwa.js .......................................................................... ~ 19.83ms
  2026-04-04 15:55:37 /manifest.json ...................................................................... ~ 46.83ms
  2026-04-04 15:55:50 /internal/kyc ............................................................................ ~ 1s
  2026-04-04 15:55:50 /css/app.css ............................................................................. ~ 1s
  2026-04-04 15:55:51 /js/pwa.js .......................................................................... ~ 30.32ms
  2026-04-04 15:55:51 /images/logo-sidebar.png ............................................................ ~ 58.69ms
  2026-04-04 15:55:51 /manifest.json ....................................................................... ~ 0.28ms
  2026-04-04 15:55:57 /internal/compliance ..................................................................... ~ 1s
  2026-04-04 15:55:58 /css/app.css ............................................................................. ~ 1s
  2026-04-04 15:55:59 /images/logo-sidebar.png ............................................................. ~ 0.35ms
  2026-04-04 15:55:59 /js/pwa.js .......................................................................... ~ 19.75ms
  2026-04-04 15:55:59 /manifest.json ...................................................................... ~ 48.43ms
  2026-04-04 15:56:18 /internal/staff .......................................................................... ~ 1s
  2026-04-04 15:56:18 /css/app.css ............................................................................. ~ 1s
  2026-04-04 15:56:18 /images/logo-sidebar.png ............................................................ ~ 30.36ms
  2026-04-04 15:56:18 /js/pwa.js .......................................................................... ~ 50.28ms
  2026-04-04 15:56:18 /manifest.json ....................................................................... ~ 0.29ms
  2026-04-04 16:11:51 /internal/compliance ............................................................... ~ 502.00ms
  2026-04-04 16:11:51 /login ............................................................................. ~ 536.61ms
  2026-04-04 16:11:52 /css/app.css ......................................................................... ~ 0.39ms
  2026-04-04 16:11:52 /images/logo-auth.png ............................................................... ~ 34.91ms
  2026-04-04 16:11:52 /js/pwa.js .......................................................................... ~ 61.10ms
  2026-04-04 16:11:52 /manifest.json ...................................................................... ~ 92.68ms
  2026-04-04 16:11:53 /admin/login ....................................................................... ~ 503.68ms
  2026-04-04 16:11:54 /css/app.css ....................................................................... ~ 509.39ms
  2026-04-04 16:11:54 /js/pwa.js .......................................................................... ~ 30.33ms
  2026-04-04 16:11:54 /manifest.json ...................................................................... ~ 63.46ms
  2026-04-04 16:11:56 /admin/login ....................................................................... ~ 500.71ms
  2026-04-04 16:11:56 /admin ................................................................................... ~ 1s
  2026-04-04 16:11:58 /css/app.css ......................................................................... ~ 1.21ms
  2026-04-04 16:11:58 /images/logo-sidebar.png ............................................................. ~ 0.35ms
  2026-04-04 16:11:58 /js/pwa.js .......................................................................... ~ 24.36ms
  2026-04-04 16:12:01 /internal/webhooks ....................................................................... ~ 1s
  2026-04-04 16:12:01 /css/app.css ............................................................................. ~ 1s
  2026-04-04 16:12:02 /images/logo-sidebar.png ............................................................ ~ 37.27ms
  2026-04-04 16:12:02 /js/pwa.js .......................................................................... ~ 60.50ms
  2026-04-04 16:12:02 /manifest.json ...................................................................... ~ 91.72ms
  2026-04-04 16:12:05 /internal/api-keys ....................................................................... ~ 1s
  2026-04-04 16:12:06 /css/app.css ............................................................................. ~ 1s
  2026-04-04 16:12:07 /images/logo-sidebar.png ............................................................ ~ 35.69ms
  2026-04-04 16:12:07 /js/pwa.js .......................................................................... ~ 57.98ms
  2026-04-04 16:12:07 /manifest.json ...................................................................... ~ 90.23ms
  2026-04-04 16:12:08 /internal/feature-flags .................................................................. ~ 2s
  2026-04-04 16:12:10 /css/app.css ......................................................................... ~ 1.33ms
  2026-04-04 16:12:10 /images/logo-sidebar.png ............................................................. ~ 0.41ms
  2026-04-04 16:12:10 /js/pwa.js .......................................................................... ~ 23.17ms
  2026-04-04 16:12:10 /manifest.json ...................................................................... ~ 53.90ms
  2026-04-04 16:12:13 /internal/api-keys ................................................................. ~ 506.31ms
  2026-04-04 16:12:14 /css/app.css ....................................................................... ~ 510.91ms
  2026-04-04 16:12:14 /images/logo-sidebar.png ............................................................. ~ 0.34ms
  2026-04-04 16:12:14 /js/pwa.js .......................................................................... ~ 25.73ms
  2026-04-04 16:12:14 /manifest.json ...................................................................... ~ 62.22ms
  2026-04-04 16:14:29 /internal/feature-flags ............................................................ ~ 506.71ms
  2026-04-04 16:14:29 /css/app.css ....................................................................... ~ 529.27ms
  2026-04-04 16:14:30 /js/pwa.js ........................................................................... ~ 0.31ms
  2026-04-04 16:14:30 /images/logo-sidebar.png ............................................................ ~ 35.48ms
  2026-04-04 16:14:30 /manifest.json ...................................................................... ~ 57.68ms
  2026-04-04 16:14:37 /internal/integrations ................................................................... ~ 1s
  2026-04-04 16:14:37 /css/app.css ............................................................................. ~ 1s
  2026-04-04 16:14:38 /images/logo-sidebar.png ............................................................. ~ 0.34ms
  2026-04-04 16:14:38 /js/pwa.js .......................................................................... ~ 19.55ms
  2026-04-04 16:14:38 /manifest.json ...................................................................... ~ 46.76ms
  2026-04-04 16:15:06 /internal/billing .................................................................. ~ 502.67ms
  2026-04-04 16:15:06 /css/app.css ....................................................................... ~ 527.52ms
  2026-04-04 16:15:06 /images/logo-sidebar.png ............................................................. ~ 0.46ms
  2026-04-04 16:15:06 /js/pwa.js .......................................................................... ~ 21.17ms
  2026-04-04 16:15:06 /manifest.json ...................................................................... ~ 50.75ms
  2026-04-04 16:15:30 /internal/billing ........................................................................ ~ 1s
  2026-04-04 16:15:30 /css/app.css ............................................................................. ~ 1s
  2026-04-04 16:15:31 /images/logo-sidebar.png ............................................................. ~ 0.31ms
  2026-04-04 16:15:31 /js/pwa.js .......................................................................... ~ 23.66ms
  2026-04-04 16:15:31 /manifest.json ...................................................................... ~ 56.21ms
  2026-04-04 16:15:31 /internal/billing .................................................................. ~ 502.67ms
  2026-04-04 16:15:32 /css/app.css ......................................................................... ~ 0.30ms
  2026-04-04 16:15:32 /images/logo-sidebar.png ............................................................. ~ 0.54ms
  2026-04-04 16:15:32 /js/pwa.js .......................................................................... ~ 23.26ms
  2026-04-04 16:15:32 /manifest.json ...................................................................... ~ 53.35ms
  2026-04-04 16:15:32 /internal/billing .................................................................. ~ 504.66ms
  2026-04-04 16:15:33 /css/app.css ......................................................................... ~ 0.39ms
  2026-04-04 16:15:33 /images/logo-sidebar.png ............................................................ ~ 28.27ms
  2026-04-04 16:15:33 /js/pwa.js .......................................................................... ~ 47.28ms
  2026-04-04 16:15:33 /manifest.json ...................................................................... ~ 75.96ms
  2026-04-04 16:15:44 /internal/api-keys ....................................................................... ~ 1s
  2026-04-04 16:15:45 /css/app.css ......................................................................... ~ 0.33ms
  2026-04-04 16:15:45 /images/logo-sidebar.png ............................................................ ~ 27.50ms
  2026-04-04 16:15:45 /js/pwa.js .......................................................................... ~ 46.39ms
  2026-04-04 16:15:45 /manifest.json ...................................................................... ~ 74.17ms
  2026-04-04 16:16:04 /internal/shipments ...................................................................... ~ 1s
  2026-04-04 16:16:04 /css/app.css ............................................................................. ~ 1s
  2026-04-04 16:16:05 /js/pwa.js ........................................................................... ~ 0.31ms
  2026-04-04 16:16:05 /images/logo-sidebar.png ............................................................ ~ 28.25ms
  2026-04-04 16:16:05 /manifest.json ...................................................................... ~ 47.08ms
  2026-04-04 16:16:07 /internal/tickets ........................................................................ ~ 1s
  2026-04-04 16:16:08 /css/app.css ............................................................................. ~ 1s
  2026-04-04 16:16:09 /images/logo-sidebar.png ............................................................ ~ 29.50ms
  2026-04-04 16:16:09 /js/pwa.js .......................................................................... ~ 18.54ms
  2026-04-04 16:16:09 /manifest.json ...................................................................... ~ 45.55ms
  2026-04-04 16:16:30 /internal/reports .................................................................. ~ 505.29ms
  2026-04-04 16:16:31 /css/app.css ......................................................................... ~ 0.35ms
  2026-04-04 16:16:31 /images/logo-sidebar.png ............................................................. ~ 0.34ms
  2026-04-04 16:16:31 /js/pwa.js .......................................................................... ~ 19.55ms
  2026-04-04 16:16:31 /manifest.json ...................................................................... ~ 47.04ms
  2026-04-04 16:17:13 /internal/tickets .................................................................. ~ 503.26ms
  2026-04-04 16:17:13 /css/app.css ....................................................................... ~ 526.32ms
  2026-04-04 16:17:13 /images/logo-sidebar.png ............................................................ ~ 27.17ms
  2026-04-04 16:17:13 /js/pwa.js .......................................................................... ~ 20.74ms
  2026-04-04 16:17:13 /manifest.json ...................................................................... ~ 49.34ms
  2026-04-04 16:17:21 /internal/reports .................................................................. ~ 513.08ms
  2026-04-04 16:17:21 /css/app.css ....................................................................... ~ 535.63ms
  2026-04-04 16:17:21 /images/logo-sidebar.png ............................................................. ~ 0.30ms
  2026-04-04 16:17:21 /js/pwa.js .......................................................................... ~ 20.90ms
  2026-04-04 16:17:21 /manifest.json ...................................................................... ~ 49.81ms
  2026-04-04 16:17:28 /internal/kyc ............................................................................ ~ 1s
  2026-04-04 16:17:28 /css/app.css ............................................................................. ~ 1s
  2026-04-04 16:17:29 /images/logo-sidebar.png ............................................................. ~ 0.25ms
  2026-04-04 16:17:29 /js/pwa.js .......................................................................... ~ 20.76ms
  2026-04-04 16:17:29 /manifest.json ...................................................................... ~ 52.98ms
  2026-04-04 16:17:31 /internal/compliance ..................................................................... ~ 1s
  2026-04-04 16:17:31 /css/app.css ............................................................................. ~ 1s
  2026-04-04 16:17:32 /images/logo-sidebar.png ............................................................. ~ 0.35ms
  2026-04-04 16:17:32 /js/pwa.js .......................................................................... ~ 19.62ms
  2026-04-04 16:17:32 /manifest.json ...................................................................... ~ 47.25ms
  2026-04-04 16:17:34 /internal/compliance ..................................................................... ~ 1s
  2026-04-04 16:17:35 /css/app.css ......................................................................... ~ 0.37ms
  2026-04-04 16:17:35 /images/logo-sidebar.png ............................................................ ~ 27.31ms
  2026-04-04 16:17:35 /js/pwa.js .......................................................................... ~ 45.92ms
  2026-04-04 16:17:35 /manifest.json ...................................................................... ~ 74.17ms
  2026-04-04 16:17:38 /internal/staff .................................................................... ~ 504.08ms
  2026-04-04 16:17:38 /css/app.css ....................................................................... ~ 531.51ms
  2026-04-04 16:17:38 /images/logo-sidebar.png ............................................................. ~ 0.23ms
  2026-04-04 16:17:38 /js/pwa.js .......................................................................... ~ 21.04ms
  2026-04-04 16:17:38 /manifest.json ...................................................................... ~ 50.78ms
  2026-04-04 16:17:40 /internal/smtp-settings ............................................................ ~ 503.22ms
  2026-04-04 16:17:41 /css/app.css ....................................................................... ~ 526.91ms
  2026-04-04 16:17:41 /images/logo-sidebar.png ............................................................. ~ 0.33ms
  2026-04-04 16:17:41 /js/pwa.js .......................................................................... ~ 20.15ms
  2026-04-04 16:17:41 /manifest.json ...................................................................... ~ 48.77ms
  2026-04-04 16:20:56 /internal/api-keys ....................................................................... ~ 3s
  2026-04-04 16:20:57 /css/app.css ............................................................................. ~ 2s
  2026-04-04 16:20:59 /js/pwa.js ......................................................................... ~ 215.75ms
  2026-04-04 16:20:59 /images/logo-sidebar.png ........................................................... ~ 484.05ms
  2026-04-04 16:20:59 /manifest.json ..................................................................... ~ 589.91ms
  2026-04-04 16:21:16 /internal/tickets ........................................................................ ~ 1s
  2026-04-04 16:21:16 /css/app.css ............................................................................. ~ 1s
  2026-04-04 16:21:18 /images/logo-sidebar.png ............................................................ ~ 32.12ms
  2026-04-04 16:21:18 /js/pwa.js .......................................................................... ~ 51.50ms
  2026-04-04 16:21:18 /manifest.json ...................................................................... ~ 79.66ms
  2026-04-04 16:21:30 /internal/api-keys ................................................................... ~ 1.36ms
  2026-04-04 16:21:30 /login ............................................................................. ~ 536.90ms
  2026-04-04 16:21:31 /css/app.css ......................................................................... ~ 1.46ms
  2026-04-04 16:21:31 /images/logo-auth.png ................................................................ ~ 0.39ms
  2026-04-04 16:21:31 /js/pwa.js .......................................................................... ~ 25.29ms
  2026-04-04 16:21:31 /manifest.json ...................................................................... ~ 56.41ms
  2026-04-04 16:21:34 /admin/login ....................................................................... ~ 557.88ms
  2026-04-04 16:21:34 /css/app.css ......................................................................... ~ 0.33ms
  2026-04-04 16:21:34 /js/pwa.js .......................................................................... ~ 91.92ms
  2026-04-04 16:21:34 /manifest.json ..................................................................... ~ 125.67ms
  2026-04-04 16:22:57 /admin/login ....................................................................... ~ 508.63ms
  2026-04-04 16:22:58 /admin ................................................................................... ~ 1s
  2026-04-04 16:22:59 /css/app.css ......................................................................... ~ 0.25ms
  2026-04-04 16:22:59 /images/logo-sidebar.png ............................................................ ~ 31.12ms
  2026-04-04 16:22:59 /js/pwa.js .......................................................................... ~ 51.97ms
  2026-04-04 16:23:06 /internal/feature-flags .................................................................. ~ 1s
  2026-04-04 16:23:06 /css/app.css ............................................................................. ~ 1s
  2026-04-04 16:23:07 /images/logo-sidebar.png ............................................................. ~ 0.24ms
  2026-04-04 16:23:07 /js/pwa.js .......................................................................... ~ 21.26ms
  2026-04-04 16:23:07 /manifest.json ...................................................................... ~ 52.89ms
  2026-04-04 17:07:58 /logout ............................................................................ ~ 514.22ms
  2026-04-04 17:07:58 /login ............................................................................... ~ 0.33ms
  2026-04-04 17:07:59 /css/app.css ......................................................................... ~ 0.32ms
  2026-04-04 17:07:59 /images/logo-auth.png ............................................................... ~ 28.39ms
  2026-04-04 17:07:59 /js/pwa.js .......................................................................... ~ 48.51ms
  2026-04-04 17:07:59 /manifest.json ....................................................................... ~ 0.18ms
  2026-04-04 17:08:00 /admin/login ....................................................................... ~ 512.39ms
  2026-04-04 17:08:00 /css/app.css ......................................................................... ~ 0.20ms
  2026-04-04 17:08:00 /js/pwa.js ........................................................................... ~ 0.38ms
  2026-04-04 17:08:00 /manifest.json ....................................................................... ~ 0.33ms
  2026-04-04 17:09:26 /admin/login ......................................................................... ~ 0.53ms
  2026-04-04 17:09:26 /admin ............................................................................. ~ 507.88ms
  2026-04-04 17:09:27 /css/app.css ......................................................................... ~ 0.32ms
  2026-04-04 17:09:27 /images/logo-sidebar.png ............................................................. ~ 0.35ms
  2026-04-04 17:09:27 /js/pwa.js .......................................................................... ~ 19.91ms
  2026-04-04 17:09:30 /logout .............................................................................. ~ 2.17ms
  2026-04-04 17:09:30 /admin/login ....................................................................... ~ 552.93ms
  2026-04-04 17:09:30 /css/app.css ......................................................................... ~ 0.31ms
  2026-04-04 17:09:30 /js/pwa.js ........................................................................... ~ 0.35ms
  2026-04-04 17:09:30 /manifest.json ...................................................................... ~ 28.77ms
  2026-04-04 17:10:20 /admin/login ....................................................................... ~ 505.38ms
  2026-04-04 17:10:20 /admin ............................................................................. ~ 517.26ms
  2026-04-04 17:10:21 /css/app.css ......................................................................... ~ 0.35ms
  2026-04-04 17:10:21 /images/logo-sidebar.png ............................................................ ~ 28.56ms
  2026-04-04 17:10:21 /js/pwa.js .......................................................................... ~ 48.43ms
  2026-04-04 17:10:24 /internal/api-keys ....................................................................... ~ 1s
  2026-04-04 17:10:25 /css/app.css ......................................................................... ~ 0.38ms
  2026-04-04 17:10:26 /js/pwa.js .......................................................................... ~ 27.54ms
  2026-04-04 17:10:26 /images/logo-sidebar.png ............................................................ ~ 55.08ms
  2026-04-04 17:10:26 /manifest.json ....................................................................... ~ 0.33ms
  2026-04-04 17:10:55 /internal/tickets ........................................................................ ~ 1s
  2026-04-04 17:10:55 /css/app.css ............................................................................. ~ 1s
  2026-04-04 17:10:56 /images/logo-sidebar.png ............................................................ ~ 36.10ms
  2026-04-04 17:10:56 /js/pwa.js .......................................................................... ~ 57.46ms
  2026-04-04 17:10:56 /manifest.json ....................................................................... ~ 0.45ms
  2026-04-04 17:10:56 /internal/tickets .................................................................. ~ 505.87ms
  2026-04-04 17:10:57 /css/app.css ......................................................................... ~ 0.34ms
  2026-04-04 17:10:57 /images/logo-sidebar.png ............................................................. ~ 0.33ms
  2026-04-04 17:10:57 /js/pwa.js .......................................................................... ~ 22.48ms
  2026-04-04 17:10:57 /manifest.json ...................................................................... ~ 56.58ms
  2026-04-04 17:10:58 /internal/kyc ............................................................................ ~ 1s
  2026-04-04 17:10:58 /internal/reports ........................................................................ ~ 1s
  2026-04-04 17:10:59 /css/app.css ....................................................................... ~ 542.36ms
  2026-04-04 17:10:59 /images/logo-sidebar.png ............................................................. ~ 0.34ms
  2026-04-04 17:10:59 /js/pwa.js .......................................................................... ~ 21.19ms
  2026-04-04 17:10:59 /manifest.json ...................................................................... ~ 51.80ms
  2026-04-04 17:11:02 /internal/kyc ...................................................................... ~ 507.87ms
  2026-04-04 17:11:03 /css/app.css ......................................................................... ~ 0.46ms
  2026-04-04 17:11:03 /images/logo-sidebar.png ............................................................ ~ 31.85ms
  2026-04-04 17:11:03 /js/pwa.js .......................................................................... ~ 51.64ms
  2026-04-04 17:11:03 /manifest.json ....................................................................... ~ 0.20ms
